[debug] [2022-11-27T18:26:16.394Z] ----------------------------------------------------------------------
[debug] [2022-11-27T18:26:16.418Z] Command:       C:\Program Files\nodejs\node.exe C:\Users\pc\AppData\Roaming\npm\node_modules\firebase-tools\lib\bin\firebase.js init
[debug] [2022-11-27T18:26:16.419Z] CLI Version:   11.16.0
[debug] [2022-11-27T18:26:16.419Z] Platform:      win32
[debug] [2022-11-27T18:26:16.419Z] Node Version:  v16.15.1
[debug] [2022-11-27T18:26:16.571Z] Time:          Mon Nov 28 2022 00:26:16 GMT+0600 (Bangladesh Standard Time)
[debug] [2022-11-27T18:26:16.572Z] ----------------------------------------------------------------------
[debug] 
[debug] [2022-11-27T18:26:16.592Z] >>> [apiv2][query] GET https://firebase-public.firebaseio.com/cli.json [none]
[debug] [2022-11-27T18:26:16.822Z] > command requires scopes: ["email","openid","https://www.googleapis.com/auth/cloudplatformprojects.readonly","https://www.googleapis.com/auth/firebase","https://www.googleapis.com/auth/cloud-platform"]
[debug] [2022-11-27T18:26:16.823Z] > authorizing via signed-in user (hrittik0chatterjee@gmail.com)
[info] 
     ######## #### ########  ######## ########     ###     ######  ########
     ##        ##  ##     ## ##       ##     ##  ##   ##  ##       ##
     ######    ##  ########  ######   ########  #########  ######  ######
     ##        ##  ##    ##  ##       ##     ## ##     ##       ## ##
     ##       #### ##     ## ######## ########  ##     ##  ######  ########

You're about to initialize a Firebase project in this directory:

  C:\Projects\service

Before we get started, keep in mind:

  * You are currently outside your home directory

